{
  event: 'interruption',
  action: 'PAUSE',
  family: 'F1',
  pair: 'Rejected/Endearing',
  phase: 'ANALYSIS',
  stress: 0.5,
  isQuality: false
}
{
  event: 'conflict',
  action: 'NEGOTIATE',
  family: 'F1',
  pair: 'Rejected/Endearing',
  phase: 'CLOSURE',
  stress: 0.5,
  isQuality: false
}
{
  event: 'shared_objective',
  action: 'PAUSE',
  family: 'F1',
  pair: 'Rejected/Endearing',
  phase: 'ANALYSIS',
  stress: 0.5,
  isQuality: false
}
{
  event: 'calm',
  action: 'LISTEN',
  family: 'F1',
  pair: 'Rejected/Endearing',
  phase: 'ANALYSIS',
  stress: 0.2,
  isQuality: true
}
{
  event: 'trust',
  action: 'LISTEN',
  family: 'F1',
  pair: 'Rejected/Endearing',
  phase: 'BUILD',
  stress: 0.2,
  isQuality: true
}
